<?xml version="1.0" encoding="UTF-8"?>
<!-- Generated by org.testng.reporters.JUnitXMLReporter -->
<testsuite hostname="HP" ignored="4" name="Default test" tests="1" failures="0" timestamp="04 Jan 2018 14:13:13 GMT" time="39.085" errors="0">
  <testcase name="Tc_SPO_03" time="38.295" classname="testCases.requestService"/>
  <testcase name="Tc_SPO_04" time="0.0" classname="testCases.requestService">
    <ignored/>
  </testcase> <!-- Tc_SPO_04 -->
  <testcase name="Tc_SPO_05" time="0.0" classname="testCases.requestService">
    <ignored/>
  </testcase> <!-- Tc_SPO_05 -->
  <testcase name="Tc_SPO_01" time="0.0" classname="testCases.requestService">
    <ignored/>
  </testcase> <!-- Tc_SPO_01 -->
  <testcase name="Tc_SPO_02" time="0.0" classname="testCases.requestService">
    <ignored/>
  </testcase> <!-- Tc_SPO_02 -->
</testsuite> <!-- Default test -->
