<?xml version="1.0" encoding="UTF-8"?>
<!-- Generated by org.testng.reporters.JUnitXMLReporter -->
<testsuite hostname="HP" ignored="6" name="Default test" tests="1" failures="0" timestamp="29 Dec 2017 11:07:18 GMT" time="47.227" errors="0">
  <testcase name="Tc_Shop_2_3" time="46.446" classname="testCases.testCases"/>
  <testcase name="Tc_Cart_03" time="0.0" classname="testCases.testCases">
    <ignored/>
  </testcase> <!-- Tc_Cart_03 -->
  <testcase name="Tc_Shop_1" time="0.0" classname="testCases.testCases">
    <ignored/>
  </testcase> <!-- Tc_Shop_1 -->
  <testcase name="Tc_Cart_06" time="0.0" classname="testCases.testCases">
    <ignored/>
  </testcase> <!-- Tc_Cart_06 -->
  <testcase name="Tc_Cart_01_02" time="0.0" classname="testCases.testCases">
    <ignored/>
  </testcase> <!-- Tc_Cart_01_02 -->
  <testcase name="Tc_Cart_15" time="0.0" classname="testCases.testCases">
    <ignored/>
  </testcase> <!-- Tc_Cart_15 -->
  <testcase name="Tc_Shop_4" time="0.0" classname="testCases.testCases">
    <ignored/>
  </testcase> <!-- Tc_Shop_4 -->
</testsuite> <!-- Default test -->
