<?xml version="1.0" encoding="UTF-8"?>
<testng-results skipped="0" failed="0" ignored="4" total="5" passed="1">
  <reporter-output>
  </reporter-output>
  <suite name="Default suite" duration-ms="39085" started-at="2018-01-04T14:12:33Z" finished-at="2018-01-04T14:13:13Z">
    <groups>
    </groups>
    <test name="Default test" duration-ms="39085" started-at="2018-01-04T14:12:33Z" finished-at="2018-01-04T14:13:13Z">
      <class name="testCases.requestService">
        <test-method status="PASS" signature="startReport()[pri:0, instance:testCases.requestService@59494225]" name="startReport" is-config="true" duration-ms="509" started-at="2018-01-04T19:42:33Z" finished-at="2018-01-04T19:42:34Z">
          <reporter-output>
          </reporter-output>
        </test-method> <!-- startReport -->
        <test-method status="PASS" signature="Tc_SPO_03()[pri:0, instance:testCases.requestService@59494225]" name="Tc_SPO_03" duration-ms="38295" started-at="2018-01-04T19:42:34Z" finished-at="2018-01-04T19:43:12Z">
          <reporter-output>
          </reporter-output>
        </test-method> <!-- Tc_SPO_03 -->
        <test-method status="PASS" signature="endReport()[pri:0, instance:testCases.requestService@59494225]" name="endReport" is-config="true" duration-ms="266" started-at="2018-01-04T19:43:12Z" finished-at="2018-01-04T19:43:13Z">
          <reporter-output>
          </reporter-output>
        </test-method> <!-- endReport -->
      </class> <!-- testCases.requestService -->
    </test> <!-- Default test -->
  </suite> <!-- Default suite -->
</testng-results>
